<?xml version="1.0" encoding="UTF-8"?>
<!-- Generated by org.testng.reporters.JUnitReportReporter -->
<testsuite skipped="0" hostname="KrithvikRamdutya" name="com.framework.jira.tests.rest.TC005_Jira_ChangeStatus" tests="1" failures="0" timestamp="2024-01-09T19:33:35 IST" time="0.843" errors="0">
  <testcase name="ChangeJiraStatus" time="0.843" classname="com.framework.jira.tests.rest.TC005_Jira_ChangeStatus"/>
  <system-out/>
</testsuite> <!-- com.framework.jira.tests.rest.TC005_Jira_ChangeStatus -->
