<?xml version="1.0" encoding="UTF-8"?>
<!-- Generated by org.testng.reporters.JUnitReportReporter -->
<testsuite skipped="0" hostname="KrithvikRamdutya" name="com.framework.jira.tests.rest.TC006_Jira_DeleteTicket" tests="1" failures="0" timestamp="2024-01-09T19:33:35 IST" time="0.903" errors="0">
  <testcase name="deleteJira" time="0.903" classname="com.framework.jira.tests.rest.TC006_Jira_DeleteTicket"/>
  <system-out/>
</testsuite> <!-- com.framework.jira.tests.rest.TC006_Jira_DeleteTicket -->
