<?xml version="1.0" encoding="UTF-8"?>
<!-- Generated by org.testng.reporters.JUnitReportReporter -->
<testsuite skipped="0" hostname="KrithvikRamdutya" name="com.framework.servicenow.tests.rest.TC001_Jira_CreateTicket" tests="1" failures="0" timestamp="2024-01-06T23:04:07 IST" time="2.345" errors="0">
  <testcase name="createIncident" time="2.345" classname="com.framework.servicenow.tests.rest.TC001_Jira_CreateTicket"/>
  <system-out/>
</testsuite> <!-- com.framework.servicenow.tests.rest.TC001_Jira_CreateTicket -->
