<?xml version="1.0" encoding="UTF-8"?>
<!-- Generated by org.testng.reporters.JUnitReportReporter -->
<testsuite skipped="0" hostname="KrithvikRamdutya" name="com.framework.jira.tests.rest.TC009_Jira_DeleteTicket" tests="1" failures="0" timestamp="2024-01-09T17:45:37 IST" time="2.852" errors="0">
  <testcase name="deleteJira" time="2.852" classname="com.framework.jira.tests.rest.TC009_Jira_DeleteTicket"/>
  <system-out/>
</testsuite> <!-- com.framework.jira.tests.rest.TC009_Jira_DeleteTicket -->
