<?xml version="1.0" encoding="UTF-8"?>
<!-- Generated by org.testng.reporters.JUnitReportReporter -->
<testsuite skipped="0" hostname="KrithvikRamdutya" name="com.framework.jira.tests.rest.TC004_Jira_AddComments" tests="1" failures="0" timestamp="2024-01-09T19:33:35 IST" time="0.665" errors="0">
  <testcase name="AddComments" time="0.665" classname="com.framework.jira.tests.rest.TC004_Jira_AddComments"/>
  <system-out/>
</testsuite> <!-- com.framework.jira.tests.rest.TC004_Jira_AddComments -->
