<?xml version="1.0" encoding="UTF-8"?>
<!-- Generated by org.testng.reporters.JUnitReportReporter -->
<testsuite skipped="0" hostname="KrithvikRamdutya" name="com.framework.jira.tests.rest.TC003_Jira_UpdateAssignee" tests="1" failures="0" timestamp="2024-01-09T19:33:35 IST" time="0.699" errors="0">
  <testcase name="AddAssignee" time="0.699" classname="com.framework.jira.tests.rest.TC003_Jira_UpdateAssignee"/>
  <system-out/>
</testsuite> <!-- com.framework.jira.tests.rest.TC003_Jira_UpdateAssignee -->
