<?xml version="1.0" encoding="UTF-8"?>
<!-- Generated by org.testng.reporters.JUnitReportReporter -->
<testsuite skipped="0" hostname="KrithvikRamdutya" name="com.framework.jira.tests.rest.TC001_Jira_CreateTicket" tests="1" failures="0" timestamp="2024-01-09T19:33:35 IST" time="3.162" errors="0">
  <testcase name="createIncident" time="3.162" classname="com.framework.jira.tests.rest.TC001_Jira_CreateTicket"/>
  <system-out/>
</testsuite> <!-- com.framework.jira.tests.rest.TC001_Jira_CreateTicket -->
